<?xml version="1.0" encoding="UTF-8"?>
<!-- Generated by org.testng.reporters.JUnitReportReporter -->
<testsuite hostname="DESKTOP-12TUM0K" failures="0" tests="1" name="webDriver.studyGroup.tests" time="0.344" errors="0" timestamp="2020-04-14T19:53:22 CDT" skipped="0">
  <testcase classname="webDriver.studyGroup.tests" name="f" time="0.344"/>
  <system-out/>
</testsuite> <!-- webDriver.studyGroup.tests -->
