<?xml version="1.0" encoding="UTF-8"?>
<!-- Generated by org.testng.reporters.JUnitReportReporter -->
<testsuite hostname="DESKTOP-12TUM0K" failures="0" tests="1" name="webDriver.studyGroup.tests" time="4.559" errors="0" timestamp="2020-04-16T20:32:04 CDT" skipped="0">
  <testcase classname="webDriver.studyGroup.tests" name="test1" time="4.559"/>
  <system-out/>
</testsuite> <!-- webDriver.studyGroup.tests -->
